<?xml version="1.0" encoding="UTF-8"?>
<!-- Generated by org.testng.reporters.JUnitXMLReporter -->
<testsuite ignored="0" hostname="ALIMHAMU-218394" failures="1" tests="16" name="All Tests" time="192.208" errors="0" timestamp="2025-04-13T19:26:21 MESZ">
  <testcase classname="com.webecc.regressionstests.KatalogSeitenRegressionsTest" name="loginTest" time="13.33"/>
  <testcase classname="com.webecc.regressionstests.KatalogSeitenRegressionsTest" name="sachnummernValidierungBeiStueckWWWEBECC3984Szenario3" time="22.449"/>
  <testcase classname="com.webecc.regressionstests.KatalogSeitenRegressionsTest" name="sachnummernValidierungBeiStueckWWWEBECC3984Szenario4" time="21.673"/>
  <testcase classname="com.webecc.regressionstests.LexikonRegressionTest" name="loginTest" time="13.114"/>
  <testcase classname="com.webecc.regressionstests.LexikonRegressionTest" name="openTheTextschluesselDetailansicht" time="1.948"/>
  <testcase classname="com.webecc.regressionstests.LexikonRegressionTest" name="textschluesselSuchen" time="1.953"/>
  <testcase classname="com.webecc.regressionstests.LexikonRegressionTest" name="checkTheHeaderText" time="0.055"/>
  <testcase classname="com.webecc.regressionstests.LexikonRegressionTest" name="dieTextLabelSollNichtExistierenWEBECC4032" time="10.847"/>
  <testcase classname="com.webecc.regressionstests.LexikonRegressionTest" name="istDerAnlegenVonNeueTextSchluesselErfolgreich" time="16.72"/>
  <testcase classname="com.webecc.regressionstests.LexikonRegressionTest" name="istNeuAngelegteTextSchluesselRichtigAngezeigt" time="0.34"/>
  <testcase classname="com.webecc.regressionstests.BaukastenRegressionsTest" name="loginTest" time="13.286"/>
  <testcase classname="com.webecc.regressionstests.BaukastenRegressionsTest" name="testAbsichtlichFehlgeschlagen" time="0.021">
    <failure type="java.lang.AssertionError" message="Dieser Test schlägt absichtlich fehl expected [true] but found [false]">
      <![CDATA[java.lang.AssertionError: Dieser Test schlägt absichtlich fehl expected [true] but found [false]
at com.webecc.regressionstests.BaukastenRegressionsTest.testAbsichtlichFehlgeschlagen(BaukastenRegressionsTest.java:82)
at java.base/java.util.ArrayList.forEach(ArrayList.java:1511)
... Removed 34 stack frames]]>
    </failure>
  </testcase> <!-- testAbsichtlichFehlgeschlagen -->
  <testcase classname="com.webecc.regressionstests.BaukastenRegressionsTest" name="baukastenSuchen" time="24.432"/>
  <testcase classname="com.webecc.regressionstests.BaukastenRegressionsTest" name="bugTicketWEBECC3699" time="41.427"/>
  <testcase classname="com.webecc.regressionstests.BaukastenRegressionsTest" name="dummyVisibleTest" time="0.007"/>
  <testcase classname="com.webecc.regressionstests.BaukastenRegressionsTest" name="allureSmokeTest" time="0.01"/>
</testsuite> <!-- All Tests -->
